<?xml version="1.0" encoding="UTF-8"?>
<testng-results ignored="0" total="3" passed="3" failed="0" skipped="0">
  <reporter-output>
  </reporter-output>
  <suite started-at="2023-04-05T07:26:45Z" name="Suite" finished-at="2023-04-05T07:26:46Z" duration-ms="98">
    <groups>
      <group name="regression">
        <method signature="SampleTest.modify()[pri:0, instance:mvn_sales.SampleTest@6057aebb]" name="modify" class="mvn_sales.SampleTest"/>
      </group> <!-- regression -->
      <group name="smoke">
        <method signature="Sample.delete()[pri:0, instance:mvn_sales.Sample@3370f42]" name="delete" class="mvn_sales.Sample"/>
        <method signature="SampleTest.create()[pri:0, instance:mvn_sales.SampleTest@6057aebb]" name="create" class="mvn_sales.SampleTest"/>
      </group> <!-- smoke -->
    </groups>
    <test started-at="2023-04-05T07:26:45Z" name="Test" finished-at="2023-04-05T07:26:46Z" duration-ms="98">
      <class name="mvn_sales.Sample">
        <test-method signature="delete()[pri:0, instance:mvn_sales.Sample@3370f42]" started-at="2023-04-05T07:26:46Z" name="delete" finished-at="2023-04-05T07:26:46Z" duration-ms="19" status="PASS">
          <reporter-output>
          </reporter-output>
        </test-method> <!-- delete -->
      </class> <!-- mvn_sales.Sample -->
      <class name="mvn_sales.SampleTest">
        <test-method signature="create()[pri:0, instance:mvn_sales.SampleTest@6057aebb]" started-at="2023-04-05T07:26:46Z" name="create" finished-at="2023-04-05T07:26:46Z" duration-ms="6" status="PASS">
          <reporter-output>
          </reporter-output>
        </test-method> <!-- create -->
        <test-method signature="modify()[pri:0, instance:mvn_sales.SampleTest@6057aebb]" started-at="2023-04-05T07:26:46Z" name="modify" finished-at="2023-04-05T07:26:46Z" duration-ms="6" status="PASS">
          <reporter-output>
          </reporter-output>
        </test-method> <!-- modify -->
      </class> <!-- mvn_sales.SampleTest -->
    </test> <!-- Test -->
  </suite> <!-- Suite -->
</testng-results>
